<?xml version="1.0" encoding="UTF-8"?>
<Site BuildName="(empty)"
	BuildStamp="20250611-0213-Experimental"
	Name="eureka-Legion-Y9000P-IAH7H"
	Generator="ctest-3.16.3"
	CompilerName="/usr/lib/ccache/c++"
	CompilerVersion="9.4.0"
	OSName="Linux"
	Hostname="eureka-Legion-Y9000P-IAH7H"
	OSRelease="5.15.0-139-generic"
	OSVersion="#149~20.04.1-Ubuntu SMP Wed Apr 16 08:29:56 UTC 2025"
	OSPlatform="x86_64"
	Is64Bits="1"
	VendorString="GenuineIntel"
	VendorID="Intel Corporation"
	FamilyID="6"
	ModelID="154"
	ProcessorCacheSize="24576"
	NumberOfLogicalCPU="20"
	NumberOfPhysicalCPU="14"
	TotalVirtualMemory="7811"
	TotalPhysicalMemory="15778"
	LogicalProcessorsPerPhysical="1"
	ProcessorClockFrequency="4295.91"
	>
	<Testing>
		<StartDateTime>Jun 11 18:52 CST</StartDateTime>
		<StartTestTime>1749639138</StartTestTime>
		<TestList/>
		<EndDateTime>Jun 11 18:52 CST</EndDateTime>
		<EndTestTime>1749639138</EndTestTime>
		<ElapsedMinutes>0</ElapsedMinutes>
	</Testing>
</Site>
